<?xml version="1.0" encoding="UTF-8"?>
<!-- Generated by org.testng.reporters.JUnitReportReporter -->
<testsuite hostname="KalayChelvm" failures="0" tests="1" name="tests.Testcase02_ApplyLeave" time="31.553" errors="0" timestamp="22 Sep 2025 08:34:10 GMT" skipped="0">
  <testcase classname="tests.Testcase02_ApplyLeave" name="applyLeave" time="31.553"/>
</testsuite> <!-- tests.Testcase02_ApplyLeave -->
