<?xml version="1.0" encoding="UTF-8"?>
<!-- Generated by org.testng.reporters.JUnitReportReporter -->
<testsuite hostname="KalayChelvm" failures="0" tests="1" name="tests.Testcase01_Login" time="60.175" errors="0" timestamp="19 Sep 2025 13:25:11 GMT" skipped="0">
  <testcase classname="tests.Testcase01_Login" name="loginTestcase" time="60.175"/>
</testsuite> <!-- tests.Testcase01_Login -->
