<?xml version="1.0" encoding="UTF-8"?>
<!-- Generated by org.testng.reporters.JUnitReportReporter -->
<testsuite hostname="KalayChelvm" failures="0" tests="1" name="tests.Testcase01_Login" time="27.818" errors="0" timestamp="20 Sep 2025 11:45:41 GMT" skipped="0">
  <testcase classname="tests.Testcase01_Login" name="loginTestcase" time="27.818"/>
</testsuite> <!-- tests.Testcase01_Login -->
