<?xml version="1.0" encoding="UTF-8"?>
<!-- Generated by org.testng.reporters.JUnitReportReporter -->
<testsuite hostname="KalayChelvm" failures="0" tests="1" name="tests.E2ETestCase" time="40.879" errors="0" timestamp="24 Sep 2025 08:01:13 GMT" skipped="0">
  <testcase classname="tests.E2ETestCase" name="endToEndTestcase" time="40.879"/>
</testsuite> <!-- tests.E2ETestCase -->
