<?xml version="1.0" encoding="UTF-8"?>
<!-- Generated by org.testng.reporters.JUnitReportReporter -->
<testsuite hostname="KalayChelvm" failures="0" tests="1" name="tests.Testcase02_ApplyLeave" time="33.325" errors="0" timestamp="20 Sep 2025 12:12:48 GMT" skipped="0">
  <testcase classname="tests.Testcase02_ApplyLeave" name="applyLeave" time="33.325"/>
</testsuite> <!-- tests.Testcase02_ApplyLeave -->
