<?xml version="1.0" encoding="UTF-8"?>
<!-- Generated by org.testng.reporters.JUnitReportReporter -->
<testsuite hostname="KalayChelvm" failures="0" tests="1" name="tests.Testcase01_Login" time="20.103" errors="0" timestamp="24 Sep 2025 11:19:32 GMT" skipped="0">
  <testcase classname="tests.Testcase01_Login" name="loginTestcase" time="20.103"/>
</testsuite> <!-- tests.Testcase01_Login -->
