<?xml version="1.0" encoding="UTF-8"?>
<!-- Generated by org.testng.reporters.JUnitReportReporter -->
<testsuite hostname="KalayChelvm" failures="0" tests="1" name="tests.E2ETestCase" time="46.431" errors="0" timestamp="19 Sep 2025 10:06:07 GMT" skipped="0">
  <testcase classname="tests.E2ETestCase" name="endToEndTestcase" time="46.431"/>
</testsuite> <!-- tests.E2ETestCase -->
