<?xml version="1.0" encoding="UTF-8"?>
<!-- Generated by org.testng.reporters.JUnitReportReporter -->
<testsuite hostname="KalayChelvm" failures="0" tests="1" name="tests.Testcase02_ApplyLeave" time="38.523" errors="0" timestamp="24 Sep 2025 08:01:13 GMT" skipped="0">
  <testcase classname="tests.Testcase02_ApplyLeave" name="applyLeave" time="38.523"/>
</testsuite> <!-- tests.Testcase02_ApplyLeave -->
