<?xml version="1.0" encoding="UTF-8"?>
<!-- Generated by org.testng.reporters.JUnitReportReporter -->
<testsuite hostname="KalayChelvm" failures="0" tests="1" name="tests.E2ETestCase" time="32.335" errors="0" timestamp="22 Sep 2025 08:34:10 GMT" skipped="0">
  <testcase classname="tests.E2ETestCase" name="endToEndTestcase" time="32.335"/>
</testsuite> <!-- tests.E2ETestCase -->
